<?xml version="1.0" encoding="UTF-8"?>
<testng-results ignored="0" total="4" passed="4" failed="0" skipped="0">
  <reporter-output>
  </reporter-output>
  <suite started-at="2022-12-10T23:51:54 IST" name="Suite" finished-at="2022-12-10T23:53:03 IST" duration-ms="69399">
    <groups>
    </groups>
    <test started-at="2022-12-10T23:51:54 IST" name="Test" finished-at="2022-12-10T23:53:03 IST" duration-ms="69399">
      <class name="commentSoldTest.LoginTest">
        <test-method is-config="true" signature="launchBrowser()[pri:0, instance:commentSoldTest.LoginTest@4da4253]" started-at="2022-12-10T23:51:54 IST" name="launchBrowser" finished-at="2022-12-10T23:51:57 IST" duration-ms="3330" status="PASS">
          <reporter-output>
          </reporter-output>
        </test-method> <!-- launchBrowser -->
        <test-method is-config="true" signature="pageObjects()[pri:0, instance:commentSoldTest.LoginTest@4da4253]" started-at="2022-12-10T23:51:57 IST" name="pageObjects" finished-at="2022-12-10T23:51:57 IST" duration-ms="37" status="PASS">
          <reporter-output>
          </reporter-output>
        </test-method> <!-- pageObjects -->
        <test-method signature="verifyLoginPage()[pri:0, instance:commentSoldTest.LoginTest@4da4253]" started-at="2022-12-10T23:51:57 IST" name="verifyLoginPage" finished-at="2022-12-10T23:52:00 IST" duration-ms="2919" status="PASS">
          <reporter-output>
          </reporter-output>
        </test-method> <!-- verifyLoginPage -->
        <test-method is-config="true" signature="tearDown()[pri:0, instance:commentSoldTest.LoginTest@4da4253]" started-at="2022-12-10T23:52:00 IST" name="tearDown" finished-at="2022-12-10T23:52:01 IST" duration-ms="654" status="PASS">
          <reporter-output>
          </reporter-output>
        </test-method> <!-- tearDown -->
      </class> <!-- commentSoldTest.LoginTest -->
      <class name="commentSoldTest.ShopTest">
        <test-method is-config="true" signature="launchBrowser()[pri:0, instance:commentSoldTest.ShopTest@62e7f11d]" started-at="2022-12-10T23:52:29 IST" name="launchBrowser" finished-at="2022-12-10T23:52:32 IST" duration-ms="2417" status="PASS">
          <reporter-output>
          </reporter-output>
        </test-method> <!-- launchBrowser -->
        <test-method is-config="true" signature="pageObjects()[pri:0, instance:commentSoldTest.ShopTest@62e7f11d]" started-at="2022-12-10T23:52:32 IST" name="pageObjects" finished-at="2022-12-10T23:52:32 IST" duration-ms="1" status="PASS">
          <reporter-output>
          </reporter-output>
        </test-method> <!-- pageObjects -->
        <test-method signature="verifyShoping()[pri:0, instance:commentSoldTest.ShopTest@62e7f11d]" started-at="2022-12-10T23:52:32 IST" name="verifyShoping" finished-at="2022-12-10T23:52:58 IST" duration-ms="26537" status="PASS">
          <reporter-output>
          </reporter-output>
        </test-method> <!-- verifyShoping -->
        <test-method is-config="true" signature="tearDown()[pri:0, instance:commentSoldTest.ShopTest@62e7f11d]" started-at="2022-12-10T23:52:58 IST" name="tearDown" finished-at="2022-12-10T23:52:59 IST" duration-ms="685" status="PASS">
          <reporter-output>
          </reporter-output>
        </test-method> <!-- tearDown -->
      </class> <!-- commentSoldTest.ShopTest -->
      <class name="commentSoldTest.ShopCuponTest">
        <test-method is-config="true" signature="launchBrowser()[pri:0, instance:commentSoldTest.ShopCuponTest@3972a855]" started-at="2022-12-10T23:52:01 IST" name="launchBrowser" finished-at="2022-12-10T23:52:03 IST" duration-ms="2344" status="PASS">
          <reporter-output>
          </reporter-output>
        </test-method> <!-- launchBrowser -->
        <test-method is-config="true" signature="pageObjects()[pri:0, instance:commentSoldTest.ShopCuponTest@3972a855]" started-at="2022-12-10T23:52:03 IST" name="pageObjects" finished-at="2022-12-10T23:52:03 IST" duration-ms="2" status="PASS">
          <reporter-output>
          </reporter-output>
        </test-method> <!-- pageObjects -->
        <test-method signature="verifyShoping()[pri:0, instance:commentSoldTest.ShopCuponTest@3972a855]" started-at="2022-12-10T23:52:03 IST" name="verifyShoping" finished-at="2022-12-10T23:52:28 IST" duration-ms="25462" status="PASS">
          <reporter-output>
          </reporter-output>
        </test-method> <!-- verifyShoping -->
        <test-method is-config="true" signature="tearDown()[pri:0, instance:commentSoldTest.ShopCuponTest@3972a855]" started-at="2022-12-10T23:52:28 IST" name="tearDown" finished-at="2022-12-10T23:52:29 IST" duration-ms="724" status="PASS">
          <reporter-output>
          </reporter-output>
        </test-method> <!-- tearDown -->
      </class> <!-- commentSoldTest.ShopCuponTest -->
      <class name="commentSoldTestAccount.CreateAccountTest">
        <test-method is-config="true" signature="createAccountUrl()[pri:0, instance:commentSoldTestAccount.CreateAccountTest@503d687a]" started-at="2022-12-10T23:52:59 IST" name="createAccountUrl" finished-at="2022-12-10T23:53:01 IST" duration-ms="2313" status="PASS">
          <reporter-output>
          </reporter-output>
        </test-method> <!-- createAccountUrl -->
        <test-method is-config="true" signature="pageObjects()[pri:0, instance:commentSoldTestAccount.CreateAccountTest@503d687a]" started-at="2022-12-10T23:53:01 IST" name="pageObjects" finished-at="2022-12-10T23:53:01 IST" duration-ms="2" status="PASS">
          <reporter-output>
          </reporter-output>
        </test-method> <!-- pageObjects -->
        <test-method signature="verify()[pri:0, instance:commentSoldTestAccount.CreateAccountTest@503d687a]" started-at="2022-12-10T23:53:01 IST" name="verify" finished-at="2022-12-10T23:53:02 IST" duration-ms="1302" status="PASS">
          <reporter-output>
          </reporter-output>
        </test-method> <!-- verify -->
        <test-method is-config="true" signature="tearDownEni()[pri:0, instance:commentSoldTestAccount.CreateAccountTest@503d687a]" started-at="2022-12-10T23:53:02 IST" name="tearDownEni" finished-at="2022-12-10T23:53:03 IST" duration-ms="631" status="PASS">
          <reporter-output>
          </reporter-output>
        </test-method> <!-- tearDownEni -->
      </class> <!-- commentSoldTestAccount.CreateAccountTest -->
    </test> <!-- Test -->
  </suite> <!-- Suite -->
</testng-results>
