<?xml version="1.0" encoding="UTF-8"?>
<testng-results ignored="0" total="4" passed="4" failed="0" skipped="0">
  <reporter-output>
  </reporter-output>
  <suite started-at="2022-12-10T22:54:49 IST" name="Suite" finished-at="2022-12-10T22:55:57 IST" duration-ms="68326">
    <groups>
    </groups>
    <test started-at="2022-12-10T22:54:49 IST" name="Test" finished-at="2022-12-10T22:55:57 IST" duration-ms="68326">
      <class name="commentSoldTest.LoginTest">
        <test-method is-config="true" signature="launchBrowser()[pri:0, instance:commentSoldTest.LoginTest@4da4253]" started-at="2022-12-10T22:54:49 IST" name="launchBrowser" finished-at="2022-12-10T22:54:52 IST" duration-ms="2704" status="PASS">
          <reporter-output>
          </reporter-output>
        </test-method> <!-- launchBrowser -->
        <test-method is-config="true" signature="pageObjects()[pri:0, instance:commentSoldTest.LoginTest@4da4253]" started-at="2022-12-10T22:54:52 IST" name="pageObjects" finished-at="2022-12-10T22:54:52 IST" duration-ms="33" status="PASS">
          <reporter-output>
          </reporter-output>
        </test-method> <!-- pageObjects -->
        <test-method signature="verifyLoginPage()[pri:0, instance:commentSoldTest.LoginTest@4da4253]" started-at="2022-12-10T22:54:52 IST" name="verifyLoginPage" finished-at="2022-12-10T22:54:54 IST" duration-ms="2674" status="PASS">
          <reporter-output>
          </reporter-output>
        </test-method> <!-- verifyLoginPage -->
        <test-method is-config="true" signature="tearDown()[pri:0, instance:commentSoldTest.LoginTest@4da4253]" started-at="2022-12-10T22:54:54 IST" name="tearDown" finished-at="2022-12-10T22:54:55 IST" duration-ms="658" status="PASS">
          <reporter-output>
          </reporter-output>
        </test-method> <!-- tearDown -->
      </class> <!-- commentSoldTest.LoginTest -->
      <class name="commentSoldTest.ShopTest">
        <test-method is-config="true" signature="launchBrowser()[pri:0, instance:commentSoldTest.ShopTest@62e7f11d]" started-at="2022-12-10T22:55:24 IST" name="launchBrowser" finished-at="2022-12-10T22:55:26 IST" duration-ms="2092" status="PASS">
          <reporter-output>
          </reporter-output>
        </test-method> <!-- launchBrowser -->
        <test-method is-config="true" signature="pageObjects()[pri:0, instance:commentSoldTest.ShopTest@62e7f11d]" started-at="2022-12-10T22:55:26 IST" name="pageObjects" finished-at="2022-12-10T22:55:26 IST" duration-ms="1" status="PASS">
          <reporter-output>
          </reporter-output>
        </test-method> <!-- pageObjects -->
        <test-method signature="verifyShoping()[pri:0, instance:commentSoldTest.ShopTest@62e7f11d]" started-at="2022-12-10T22:55:26 IST" name="verifyShoping" finished-at="2022-12-10T22:55:53 IST" duration-ms="27072" status="PASS">
          <reporter-output>
          </reporter-output>
        </test-method> <!-- verifyShoping -->
        <test-method is-config="true" signature="tearDown()[pri:0, instance:commentSoldTest.ShopTest@62e7f11d]" started-at="2022-12-10T22:55:53 IST" name="tearDown" finished-at="2022-12-10T22:55:53 IST" duration-ms="717" status="PASS">
          <reporter-output>
          </reporter-output>
        </test-method> <!-- tearDown -->
      </class> <!-- commentSoldTest.ShopTest -->
      <class name="commentSoldTest.ShopCuponTest">
        <test-method is-config="true" signature="launchBrowser()[pri:0, instance:commentSoldTest.ShopCuponTest@3972a855]" started-at="2022-12-10T22:54:55 IST" name="launchBrowser" finished-at="2022-12-10T22:54:57 IST" duration-ms="2194" status="PASS">
          <reporter-output>
          </reporter-output>
        </test-method> <!-- launchBrowser -->
        <test-method is-config="true" signature="pageObjects()[pri:0, instance:commentSoldTest.ShopCuponTest@3972a855]" started-at="2022-12-10T22:54:57 IST" name="pageObjects" finished-at="2022-12-10T22:54:57 IST" duration-ms="2" status="PASS">
          <reporter-output>
          </reporter-output>
        </test-method> <!-- pageObjects -->
        <test-method signature="verifyShoping()[pri:0, instance:commentSoldTest.ShopCuponTest@3972a855]" started-at="2022-12-10T22:54:57 IST" name="verifyShoping" finished-at="2022-12-10T22:55:23 IST" duration-ms="25461" status="PASS">
          <reporter-output>
          </reporter-output>
        </test-method> <!-- verifyShoping -->
        <test-method is-config="true" signature="tearDown()[pri:0, instance:commentSoldTest.ShopCuponTest@3972a855]" started-at="2022-12-10T22:55:23 IST" name="tearDown" finished-at="2022-12-10T22:55:24 IST" duration-ms="728" status="PASS">
          <reporter-output>
          </reporter-output>
        </test-method> <!-- tearDown -->
      </class> <!-- commentSoldTest.ShopCuponTest -->
      <class name="commentSoldTestAccount.CreateAccountTest">
        <test-method is-config="true" signature="createAccountUrl()[pri:0, instance:commentSoldTestAccount.CreateAccountTest@503d687a]" started-at="2022-12-10T22:55:53 IST" name="createAccountUrl" finished-at="2022-12-10T22:55:56 IST" duration-ms="2150" status="PASS">
          <reporter-output>
          </reporter-output>
        </test-method> <!-- createAccountUrl -->
        <test-method is-config="true" signature="pageObjects()[pri:0, instance:commentSoldTestAccount.CreateAccountTest@503d687a]" started-at="2022-12-10T22:55:56 IST" name="pageObjects" finished-at="2022-12-10T22:55:56 IST" duration-ms="1" status="PASS">
          <reporter-output>
          </reporter-output>
        </test-method> <!-- pageObjects -->
        <test-method signature="verify()[pri:0, instance:commentSoldTestAccount.CreateAccountTest@503d687a]" started-at="2022-12-10T22:55:56 IST" name="verify" finished-at="2022-12-10T22:55:57 IST" duration-ms="1108" status="PASS">
          <reporter-output>
          </reporter-output>
        </test-method> <!-- verify -->
        <test-method is-config="true" signature="tearDownEni()[pri:0, instance:commentSoldTestAccount.CreateAccountTest@503d687a]" started-at="2022-12-10T22:55:57 IST" name="tearDownEni" finished-at="2022-12-10T22:55:57 IST" duration-ms="684" status="PASS">
          <reporter-output>
          </reporter-output>
        </test-method> <!-- tearDownEni -->
      </class> <!-- commentSoldTestAccount.CreateAccountTest -->
    </test> <!-- Test -->
  </suite> <!-- Suite -->
</testng-results>
