<?xml version="1.0" encoding="UTF-8"?>
<!-- Generated by org.testng.reporters.JUnitXMLReporter -->
<testsuite ignored="0" hostname="LAPTOP-KC6V0NPL" failures="0" tests="4" name="Test" time="68.326" errors="0" timestamp="2022-12-10T22:55:57 IST">
  <testcase classname="commentSoldTest.LoginTest" name="verifyLoginPage" time="2.674"/>
  <testcase classname="commentSoldTest.ShopCuponTest" name="verifyShoping" time="25.461"/>
  <testcase classname="commentSoldTest.ShopTest" name="verifyShoping" time="27.072"/>
  <testcase classname="commentSoldTestAccount.CreateAccountTest" name="verify" time="1.108"/>
</testsuite> <!-- Test -->
